{"level":"info","message":"Incoming request: POST /api/v1/users/sign-in","service":"user-service","timestamp":"2024-08-19 09:49:32"}
{"level":"info","message":"Incoming request: POST /api/v1/employee/create-and-update-attendance","service":"user-service","timestamp":"2024-08-19 09:58:35"}
{"level":"info","message":"Incoming request: POST /api/v1/employee/create-and-update-attendance","service":"user-service","timestamp":"2024-08-19 09:59:41"}
{"level":"info","message":"Incoming request: POST /api/v1/employee/create-and-update-attendance","service":"user-service","timestamp":"2024-08-19 10:00:06"}
{"level":"info","message":"Incoming request: POST /api/v1/employee/create-and-update-attendance","service":"user-service","timestamp":"2024-08-19 10:00:32"}
{"level":"info","message":"Incoming request: POST /api/v1/employee/create-and-update-attendance","service":"user-service","timestamp":"2024-08-19 10:07:30"}
{"level":"info","message":"Incoming request: POST /api/v1/employee/create-and-update-attendance","service":"user-service","timestamp":"2024-08-19 10:07:46"}
{"level":"info","message":"Incoming request: POST /api/v1/employee/create-and-update-attendance","service":"user-service","timestamp":"2024-08-19 10:10:07"}
{"level":"info","message":"Incoming request: POST /api/v1/employee/create-and-update-attendance","service":"user-service","timestamp":"2024-08-19 10:11:39"}
{"level":"info","message":"Incoming request: POST /api/v1/employee/create-and-update-attendance","service":"user-service","timestamp":"2024-08-19 10:11:53"}
{"level":"info","message":"Incoming request: POST /api/v1/employee/create-and-update-attendance","service":"user-service","timestamp":"2024-08-19 10:13:34"}
{"level":"info","message":"Incoming request: POST /api/v1/employee/create-and-update-attendance?status=checkIn","service":"user-service","timestamp":"2024-08-19 10:48:28"}
{"level":"info","message":"Incoming request: POST /api/v1/employee/create-and-update-attendance?status=checkIn","service":"user-service","timestamp":"2024-08-19 10:51:43"}
{"level":"info","message":"Incoming request: POST /api/v1/employee/create-and-update-attendance?status=BreakTimeIn","service":"user-service","timestamp":"2024-08-19 11:00:41"}
{"level":"info","message":"Incoming request: POST /api/v1/employee/create-and-update-attendance?status=BreakTimeIn","service":"user-service","timestamp":"2024-08-19 11:03:11"}
{"level":"info","message":"Incoming request: POST /api/v1/employee/create-and-update-attendance?status=checkIn","service":"user-service","timestamp":"2024-08-19 11:14:39"}
{"level":"info","message":"Incoming request: POST /api/v1/manager/","service":"user-service","timestamp":"2024-08-19 12:46:48"}
{"level":"info","message":"Incoming request: POST /api/v1/manager/create-account","service":"user-service","timestamp":"2024-08-19 12:47:05"}
{"level":"info","message":"Incoming request: POST /api/v1/users/sign-in","service":"user-service","timestamp":"2024-08-19 13:01:47"}
{"level":"info","message":"Incoming request: POST /api/v1/users/sign-in","service":"user-service","timestamp":"2024-08-19 14:55:28"}
{"level":"info","message":"Incoming request: GET /api/v1/manager/get-customers","service":"user-service","timestamp":"2024-08-19 15:10:38"}
{"level":"info","message":"Incoming request: GET /api/v1/manager/get-customers","service":"user-service","timestamp":"2024-08-19 15:10:57"}
{"level":"info","message":"Incoming request: GET /api/v1/manager/get-customers","service":"user-service","timestamp":"2024-08-19 15:14:32"}
{"level":"info","message":"Incoming request: GET /api/v1/manager/get-customers","service":"user-service","timestamp":"2024-08-19 15:15:26"}
{"level":"info","message":"Incoming request: GET /api/v1/manager/get-customers","service":"user-service","timestamp":"2024-08-19 15:17:02"}
{"level":"info","message":"Incoming request: GET /api/v1/manager/get-customers/66bde5bd125586f4c3aa8aea","service":"user-service","timestamp":"2024-08-19 15:31:28"}
{"level":"info","message":"Incoming request: GET /api/v1/manager/get-employee","service":"user-service","timestamp":"2024-08-19 15:43:16"}
{"level":"info","message":"Incoming request: GET /api/v1/manager/get-employee/%2266c1d7152c5271c218ddefc2","service":"user-service","timestamp":"2024-08-19 15:44:26"}
{"level":"info","message":"Incoming request: GET /api/v1/manager/get-employee/66c1d7152c5271c218ddefc2","service":"user-service","timestamp":"2024-08-19 15:45:18"}
{"level":"info","message":"Incoming request: GET /api/v1/manager/get-employee/?serach=md","service":"user-service","timestamp":"2024-08-19 16:45:10"}
{"level":"info","message":"Incoming request: GET /api/v1/manager/get-employee/?serach=mddfdsfds","service":"user-service","timestamp":"2024-08-19 16:45:14"}
{"level":"info","message":"Incoming request: GET /api/v1/manager/get-employee?serach=m","service":"user-service","timestamp":"2024-08-19 16:45:34"}
{"level":"info","message":"Incoming request: GET /api/v1/manager/get-employee?serach=m","service":"user-service","timestamp":"2024-08-19 16:45:53"}
{"level":"info","message":"Incoming request: GET /api/v1/manager/get-employee?serach=m","service":"user-service","timestamp":"2024-08-19 16:46:22"}
{"level":"info","message":"Incoming request: GET /api/v1/manager/get-employee?serach=m","service":"user-service","timestamp":"2024-08-19 16:46:24"}
{"level":"info","message":"Incoming request: GET /api/v1/manager/get-employee?search=masdsadasd","service":"user-service","timestamp":"2024-08-19 16:48:15"}
{"level":"info","message":"Incoming request: GET /api/v1/manager/get-employee?search=m","service":"user-service","timestamp":"2024-08-19 16:48:24"}
{"level":"info","message":"Incoming request: GET /api/v1/manager/get-employee?search=md","service":"user-service","timestamp":"2024-08-19 16:48:30"}
{"level":"info","message":"Incoming request: GET /api/v1/manager/get-employee?search=mdd","service":"user-service","timestamp":"2024-08-19 16:48:33"}
{"level":"info","message":"Incoming request: GET /api/v1/manager/get-employee?search=mesager","service":"user-service","timestamp":"2024-08-19 16:49:15"}
{"level":"info","message":"Incoming request: GET /api/v1/manager/get-employee?search=memploy","service":"user-service","timestamp":"2024-08-19 16:49:26"}
{"level":"info","message":"Incoming request: GET /api/v1/manager/get-employee?search=","service":"user-service","timestamp":"2024-08-19 16:49:37"}
{"level":"info","message":"Incoming request: GET /api/v1/manager/get-employee?search=emplo","service":"user-service","timestamp":"2024-08-19 16:49:44"}
{"level":"info","message":"Incoming request: GET /api/v1/manager/get-employee?search=employee","service":"user-service","timestamp":"2024-08-19 16:49:55"}
{"level":"info","message":"Incoming request: GET /api/v1/manager/get-employee?search=employee","service":"user-service","timestamp":"2024-08-19 17:10:59"}
{"level":"info","message":"Incoming request: GET /api/v1/manager/get-customers?search=customer","service":"user-service","timestamp":"2024-08-19 17:15:04"}
{"level":"info","message":"Incoming request: GET /api/v1/manager/get-customers?search=md","service":"user-service","timestamp":"2024-08-19 17:15:18"}
{"level":"info","message":"Incoming request: GET /api/v1/manager/get-customers?search=","service":"user-service","timestamp":"2024-08-19 17:16:00"}
{"level":"info","message":"Incoming request: GET /api/v1/manager/get-customers?search=a","service":"user-service","timestamp":"2024-08-19 17:16:09"}
{"level":"info","message":"Incoming request: GET /api/v1/manager/get-customers?search=ahad","service":"user-service","timestamp":"2024-08-19 17:16:15"}
{"level":"info","message":"Incoming request: GET /api/v1/manager/get-customers?search=ahaddd","service":"user-service","timestamp":"2024-08-19 17:16:18"}
{"level":"info","message":"Incoming request: GET /api/v1/manager/get-service","service":"user-service","timestamp":"2024-08-19 17:56:05"}
{"level":"info","message":"Incoming request: GET /api/v1/manager/get-appointment-request/66c194702e3a9c8585414864?","service":"user-service","timestamp":"2024-08-19 18:08:28"}
{"level":"info","message":"Incoming request: GET /api/v1/manager/get-appointment-request/66c194702e3a9c8585414864?","service":"user-service","timestamp":"2024-08-19 18:11:29"}
