{"level":"info","message":"Incoming request: GET /api/v1/manager/get-appointment-request/66c194702e3a9c8585414864?","service":"user-service","timestamp":"2024-08-20 10:59:41"}
{"level":"info","message":"Incoming request: GET /api/v1/manager/get-employee?search=employee","service":"user-service","timestamp":"2024-08-20 11:48:37"}
{"level":"info","message":"Incoming request: POST /api/v1/manager/assign-employee","service":"user-service","timestamp":"2024-08-20 11:59:32"}
{"level":"info","message":"Incoming request: POST /api/v1/manager/assign-employee","service":"user-service","timestamp":"2024-08-20 12:00:00"}
{"level":"info","message":"Incoming request: POST /api/v1/manager/assign-employee","service":"user-service","timestamp":"2024-08-20 12:00:02"}
{"level":"info","message":"Incoming request: POST /api/v1/manager/assign-employee","service":"user-service","timestamp":"2024-08-20 12:01:28"}
{"level":"info","message":"Incoming request: POST /api/v1/manager/assign-employee","service":"user-service","timestamp":"2024-08-20 12:02:57"}
{"level":"info","message":"Incoming request: POST /api/v1/manager/assign-employee","service":"user-service","timestamp":"2024-08-20 14:47:27"}
{"level":"info","message":"Incoming request: POST /api/v1/manager/assign-employee","service":"user-service","timestamp":"2024-08-20 14:52:07"}
{"level":"info","message":"Incoming request: POST /api/v1/services/add-service","service":"user-service","timestamp":"2024-08-20 15:13:05"}
{"level":"info","message":"Incoming request: GET /","service":"user-service","timestamp":"2024-08-20 15:13:22"}
{"level":"info","message":"Root endpoint hit","service":"user-service","timestamp":"2024-08-20 15:13:22"}
{"level":"info","message":"Incoming request: GET /favicon.ico","service":"user-service","timestamp":"2024-08-20 15:13:23"}
{"level":"info","message":"Incoming request: GET /api/v1/employee/get-assign-appointment","service":"user-service","timestamp":"2024-08-20 16:22:49"}
{"level":"info","message":"Incoming request: GET /api/v1/employee/get-assign-appointment","service":"user-service","timestamp":"2024-08-20 16:23:57"}
{"level":"info","message":"Incoming request: GET /api/v1/employee/get-assign-appointment","service":"user-service","timestamp":"2024-08-20 16:24:44"}
{"level":"info","message":"Incoming request: GET /api/v1/employee/get-assign-appointment","service":"user-service","timestamp":"2024-08-20 16:25:08"}
{"level":"info","message":"Incoming request: GET /api/v1/employee/get-assign-appointment","service":"user-service","timestamp":"2024-08-20 16:26:30"}
{"level":"info","message":"Incoming request: GET /api/v1/employee/get-assign-appointment?searchDate=2024-08-21","service":"user-service","timestamp":"2024-08-20 16:31:28"}
{"level":"info","message":"Incoming request: GET /api/v1/employee/get-assign-appointment?searchDate=2024-08-20","service":"user-service","timestamp":"2024-08-20 16:31:42"}
{"level":"info","message":"Incoming request: GET /api/v1/employee/get-assign-appointment?searchDate=2024-08-19","service":"user-service","timestamp":"2024-08-20 16:31:53"}
{"level":"info","message":"Incoming request: GET /api/v1/employee/get-assign-appointment?searchDate=2024-08-12","service":"user-service","timestamp":"2024-08-20 16:32:01"}
{"level":"info","message":"Incoming request: GET /api/v1/employee/get-assign-appointment?searchDate=2024-08-20","service":"user-service","timestamp":"2024-08-20 16:32:06"}
{"level":"info","message":"Incoming request: GET /api/v1/employee/get-assign-appointment?searchDate=2024-08-20","service":"user-service","timestamp":"2024-08-20 16:32:56"}
{"level":"info","message":"Incoming request: GET /api/v1/employee/get-assign-appointment?searchDate=2024-08-20","service":"user-service","timestamp":"2024-08-20 16:33:06"}
{"level":"info","message":"Incoming request: GET /api/v1/employee/get-assign-appointment?searchDate=2024-08-20","service":"user-service","timestamp":"2024-08-20 16:33:07"}
{"level":"info","message":"Incoming request: GET /api/v1/employee/get-assign-appointment?searchDate=2024-08-20","service":"user-service","timestamp":"2024-08-20 16:33:08"}
{"level":"info","message":"Incoming request: GET /api/v1/employee/get-assign-appointment?searchDate=2024-08-20","service":"user-service","timestamp":"2024-08-20 16:33:09"}
{"level":"info","message":"Incoming request: GET /api/v1/employee/get-assign-appointment?searchDate=2024-08-20","service":"user-service","timestamp":"2024-08-20 16:33:10"}
{"level":"info","message":"Incoming request: GET /api/v1/employee/get-assign-appointment?searchDate=2024-08-20","service":"user-service","timestamp":"2024-08-20 16:47:33"}
{"level":"info","message":"Incoming request: GET /api/v1/employee/get-assign-appointment?searchDate=2024-08-21","service":"user-service","timestamp":"2024-08-20 16:47:43"}
{"level":"info","message":"Incoming request: GET /api/v1/employee/get-assign-appointment?searchDate=2024-08-20","service":"user-service","timestamp":"2024-08-20 16:47:51"}
{"level":"info","message":"Incoming request: POST /api/v1/employee/create-unable-appointment","service":"user-service","timestamp":"2024-08-20 18:46:56"}
