{"level":"info","message":"Incoming request: POST /api/v1/users/sign-in","service":"user-service","timestamp":"2024-08-18 10:24:10"}
{"level":"info","message":"Incoming request: POST /api/v1/users/verify-code","service":"user-service","timestamp":"2024-08-18 10:29:34"}
{"level":"info","message":"Incoming request: POST /api/v1/users/sign-in","service":"user-service","timestamp":"2024-08-18 10:29:41"}
{"level":"info","message":"Incoming request: POST /api/v1/users/verify-code","service":"user-service","timestamp":"2024-08-18 10:31:12"}
{"level":"info","message":"Incoming request: POST /api/v1/users/sign-in","service":"user-service","timestamp":"2024-08-18 10:31:19"}
{"level":"info","message":"Incoming request: POST /api/v1/users/resend-otp","service":"user-service","timestamp":"2024-08-18 12:02:22"}
{"level":"info","message":"Incoming request: POST /api/v1/users/sign-in","service":"user-service","timestamp":"2024-08-18 12:05:31"}
{"level":"info","message":"Incoming request: POST /api/v1/users/sign-in","service":"user-service","timestamp":"2024-08-18 12:05:44"}
{"level":"info","message":"Incoming request: POST /api/v1/services/add-service","service":"user-service","timestamp":"2024-08-18 12:07:00"}
{"level":"info","message":"Incoming request: POST /api/v1/services/add-service","service":"user-service","timestamp":"2024-08-18 12:07:35"}
{"level":"info","message":"Incoming request: POST /api/v1/services/add-service","service":"user-service","timestamp":"2024-08-18 12:11:52"}
{"level":"info","message":"Incoming request: POST /api/v1/services/add-service","service":"user-service","timestamp":"2024-08-18 12:18:02"}
{"level":"info","message":"Incoming request: POST /api/v1/services/add-service","service":"user-service","timestamp":"2024-08-18 12:18:42"}
{"level":"info","message":"Incoming request: POST /api/v1/services/add-service","service":"user-service","timestamp":"2024-08-18 12:20:35"}
{"level":"info","message":"Incoming request: POST /api/v1/services/add-service","service":"user-service","timestamp":"2024-08-18 12:22:45"}
{"level":"info","message":"Incoming request: POST /api/v1/services/add-service","service":"user-service","timestamp":"2024-08-18 12:26:28"}
{"level":"info","message":"Incoming request: POST /api/v1/services/add-service","service":"user-service","timestamp":"2024-08-18 12:28:00"}
{"level":"info","message":"Incoming request: GET /","service":"user-service","timestamp":"2024-08-18 12:28:21"}
{"level":"info","message":"Root endpoint hit","service":"user-service","timestamp":"2024-08-18 12:28:21"}
{"level":"info","message":"Incoming request: GET /favicon.ico","service":"user-service","timestamp":"2024-08-18 12:28:21"}
{"level":"info","message":"Incoming request: POST /api/v1/services/add-service","service":"user-service","timestamp":"2024-08-18 12:33:19"}
{"level":"info","message":"Incoming request: POST /api/v1/services/add-service","service":"user-service","timestamp":"2024-08-18 12:34:32"}
{"level":"info","message":"Incoming request: GET /api/v1/services/get-service","service":"user-service","timestamp":"2024-08-18 12:44:11"}
{"level":"info","message":"Incoming request: PATCH /api/v1/services/update-service?id=66c194702e3a9c8585414864","service":"user-service","timestamp":"2024-08-18 14:14:10"}
{"level":"info","message":"Incoming request: PATCH /api/v1/services/update-service?id=66c194702e3a9c8585414864","service":"user-service","timestamp":"2024-08-18 14:14:53"}
{"level":"info","message":"Incoming request: PATCH /api/v1/services/update-service?id=66c194702e3a9c8585414864","service":"user-service","timestamp":"2024-08-18 14:15:18"}
{"level":"info","message":"Incoming request: PATCH /api/v1/services/update-service?id=66c194702e3a9c8585414864","service":"user-service","timestamp":"2024-08-18 14:16:10"}
{"level":"info","message":"Incoming request: PATCH /api/v1/services/update-service?id=66c194702e3a9c8585414864","service":"user-service","timestamp":"2024-08-18 14:19:15"}
{"level":"info","message":"Incoming request: PATCH /api/v1/services/update-service?id=66c194702e3a9c8585414864","service":"user-service","timestamp":"2024-08-18 14:19:36"}
{"level":"info","message":"Incoming request: PATCH /api/v1/services/update-service?id=66c194702e3a9c8585414864","service":"user-service","timestamp":"2024-08-18 14:19:53"}
{"level":"info","message":"Incoming request: GET /api/v1/services/get-service?id=66c194702e3a9c8585414864","service":"user-service","timestamp":"2024-08-18 14:24:10"}
{"level":"info","message":"Incoming request: GET /api/v1/services/get-service?id=66c194702e3a9c8585414864","service":"user-service","timestamp":"2024-08-18 14:25:01"}
{"level":"info","message":"Incoming request: GET /api/v1/services/single-service?id=66c194702e3a9c8585414864","service":"user-service","timestamp":"2024-08-18 14:25:18"}
{"level":"info","message":"Incoming request: GET /api/v1/services/get-service","service":"user-service","timestamp":"2024-08-18 15:05:47"}
{"level":"info","message":"Incoming request: GET /api/v1/services/get-service","service":"user-service","timestamp":"2024-08-18 16:53:01"}
{"level":"info","message":"Incoming request: POST /api/v1/customer/create-appointment","service":"user-service","timestamp":"2024-08-18 17:02:49"}
{"level":"info","message":"Incoming request: POST /api/v1/users/sign-in","service":"user-service","timestamp":"2024-08-18 17:03:15"}
{"level":"info","message":"Incoming request: POST /api/v1/users/sign-in","service":"user-service","timestamp":"2024-08-18 17:03:24"}
{"level":"info","message":"Incoming request: POST /api/v1/customer/create-appointment","service":"user-service","timestamp":"2024-08-18 17:05:51"}
{"level":"info","message":"Incoming request: POST /api/v1/users/register","service":"user-service","timestamp":"2024-08-18 17:12:21"}
{"level":"info","message":"Incoming request: POST /api/v1/users/verify-code","service":"user-service","timestamp":"2024-08-18 17:13:00"}
